Watching for file changes with StatReloader
Performing system checks...

System check identified some issues:

WARNINGS:
todos.Todo: (models.W042) Auto-created primary key used when not defining a primary key type, by default 'django.db.models.AutoField'.
	HINT: Configure the DEFAULT_AUTO_FIELD setting or the TodosConfig.default_auto_field attribute to point to a subclass of AutoField, e.g. 'django.db.models.BigAutoField'.

System check identified 1 issue (0 silenced).
August 04, 2022 - 15:36:43
Django version 4.1, using settings 'todoApp.settings'
Starting development server at http://0.0.0.0:8000/
Quit the server with CONTROL-C.
[04/Aug/2022 15:37:22] "GET /todos/ HTTP/1.1" 200 3515
[04/Aug/2022 15:37:23] "GET /static/css/style.css HTTP/1.1" 200 225
Not Found: /favicon.ico
[04/Aug/2022 15:37:24] "GET /favicon.ico HTTP/1.1" 404 2573
[04/Aug/2022 15:47:54] "GET / HTTP/1.1" 302 0
[04/Aug/2022 15:47:55] "GET /todos/ HTTP/1.1" 200 3515
[04/Aug/2022 15:47:55] "GET /static/css/style.css HTTP/1.1" 304 0
/home/ubuntu/projects/django-todo/todoApp/settings.py changed, reloading.
Watching for file changes with StatReloader
Performing system checks...

System check identified some issues:

WARNINGS:
todos.Todo: (models.W042) Auto-created primary key used when not defining a primary key type, by default 'django.db.models.AutoField'.
	HINT: Configure the DEFAULT_AUTO_FIELD setting or the TodosConfig.default_auto_field attribute to point to a subclass of AutoField, e.g. 'django.db.models.BigAutoField'.

System check identified 1 issue (0 silenced).
August 04, 2022 - 15:56:53
Django version 4.1, using settings 'todoApp.settings'
Starting development server at http://0.0.0.0:8000/
Quit the server with CONTROL-C.
